<?xml version="1.0" encoding="UTF-8"?>
<testsuite xmlns:xsi="http://www.w3.org/2001/XMLSchema-instance" xsi:noNamespaceSchemaLocation="https://maven.apache.org/surefire/maven-surefire-plugin/xsd/surefire-test-report-3.0.xsd" version="3.0" name="runners.TestRunner2" time="86.737" tests="20" errors="4" skipped="0" failures="0">
  <properties>
[...]
</properties>
  <testcase name="Given user is on homepage" classname="| UserName1 | Email1 | Password1 | ConfirmPassword1 |" time="0.001"/>
  <testcase name="When click Join us to create a new user account" classname="| UserName1 | Email1 | Password1 | ConfirmPassword1 |" time="0"/>
  <testcase name="Then Signup page should be opened" classname="| UserName1 | Email1 | Password1 | ConfirmPassword1 |" time="0"/>
  <testcase name="When enter &quot;UserName1&quot; and &quot;Email1&quot; and &quot;Password1&quot; and &quot;ConfirmPassword1&quot; and submit" classname="| UserName1 | Email1 | Password1 | ConfirmPassword1 |" time="0.001"/>
  <testcase name="Then user is created successfully" classname="| UserName1 | Email1 | Password1 | ConfirmPassword1 |" time="0"/>
  <testcase name="" classname="| UserName1 | Email1 | Password1 | ConfirmPassword1 |" time="0.169"/>
  <testcase name="Given user is on homepage" classname="| UserName2 | Email2 | Password2 | ConfirmPassword2 |" time="0"/>
  <testcase name="When click Join us to create a new user account" classname="| UserName2 | Email2 | Password2 | ConfirmPassword2 |" time="0"/>
  <testcase name="Then Signup page should be opened" classname="| UserName2 | Email2 | Password2 | ConfirmPassword2 |" time="0"/>
  <testcase name="When enter &quot;UserName2&quot; and &quot;Email2&quot; and &quot;Password2&quot; and &quot;ConfirmPassword2&quot; and submit" classname="| UserName2 | Email2 | Password2 | ConfirmPassword2 |" time="0"/>
  <testcase name="Then user is created successfully" classname="| UserName2 | Email2 | Password2 | ConfirmPassword2 |" time="0"/>
  <testcase name="" classname="| UserName2 | Email2 | Password2 | ConfirmPassword2 |" time="0.167"/>
  <testcase name="Given user is on homepage" classname="| Email1 | Password1 |" time="0"/>
  <testcase name="Then Login page should be displayed" classname="| Email1 | Password1 |" time="0"/>
  <testcase name="When enter valid &quot;Email1&quot; and &quot;Password1&quot; and click login" classname="| Email1 | Password1 |" time="0.005">
    <error message="no such element: Unable to locate element: {&quot;method&quot;:&quot;xpath&quot;,&quot;selector&quot;:&quot;//input[@type=&apos;submit&apos;][@value=&apos;Loginnn&apos;]&quot;}&#10;  (Session info: chrome=80.0.3987.149)&#10;For documentation on this error, please visit: https://www.seleniumhq.org/exceptions/no_such_element.html&#10;Build info: version: &apos;3.141.59&apos;, revision: &apos;e82be7d358&apos;, time: &apos;2018-11-14T08:17:03&apos;&#10;System info: host: &apos;IN1-1020122MBP.local&apos;, ip: &apos;fe80:0:0:0:892:5cd2:b903:632d%en0&apos;, os.name: &apos;Mac OS X&apos;, os.arch: &apos;x86_64&apos;, os.version: &apos;10.14.6&apos;, java.version: &apos;1.8.0_221&apos;&#10;Driver info: org.openqa.selenium.chrome.ChromeDriver&#10;Capabilities {acceptInsecureCerts: false, browserName: chrome, browserVersion: 80.0.3987.149, chrome: {chromedriverVersion: 79.0.3945.36 (3582db32b3389..., userDataDir: /var/folders/fv/0q160ngj0kb...}, goog:chromeOptions: {debuggerAddress: localhost:62937}, javascriptEnabled: true, networkConnectionEnabled: false, pageLoadStrategy: normal, platform: MAC, platformName: MAC, proxy: Proxy(), setWindowRect: true, strictFileInteractability: false, timeouts: {implicit: 0, pageLoad: 300000, script: 30000}, unhandledPromptBehavior: dismiss and notify}&#10;Session ID: c10ed30a9dffe9864af9efcb0351234a&#10;*** Element info: {Using=xpath, value=//input[@type=&apos;submit&apos;][@value=&apos;Loginnn&apos;]}" type="org.openqa.selenium.NoSuchElementException"><![CDATA[org.openqa.selenium.NoSuchElementException: 
no such element: Unable to locate element: {"method":"xpath","selector":"//input[@type='submit'][@value='Loginnn']"}
  (Session info: chrome=80.0.3987.149)
For documentation on this error, please visit: https://www.seleniumhq.org/exceptions/no_such_element.html
Build info: version: '3.141.59', revision: 'e82be7d358', time: '2018-11-14T08:17:03'
System info: host: 'IN1-1020122MBP.local', ip: 'fe80:0:0:0:892:5cd2:b903:632d%en0', os.name: 'Mac OS X', os.arch: 'x86_64', os.version: '10.14.6', java.version: '1.8.0_221'
Driver info: org.openqa.selenium.chrome.ChromeDriver
Capabilities {acceptInsecureCerts: false, browserName: chrome, browserVersion: 80.0.3987.149, chrome: {chromedriverVersion: 79.0.3945.36 (3582db32b3389..., userDataDir: /var/folders/fv/0q160ngj0kb...}, goog:chromeOptions: {debuggerAddress: localhost:62937}, javascriptEnabled: true, networkConnectionEnabled: false, pageLoadStrategy: normal, platform: MAC, platformName: MAC, proxy: Proxy(), setWindowRect: true, strictFileInteractability: false, timeouts: {implicit: 0, pageLoad: 300000, script: 30000}, unhandledPromptBehavior: dismiss and notify}
Session ID: c10ed30a9dffe9864af9efcb0351234a
*** Element info: {Using=xpath, value=//input[@type='submit'][@value='Loginnn']}
]]></error>
    <system-out><![CDATA[basha.12327-03-2020_193834@gmail.com
RowCount:--------2
DataRow:--------1
TestData:.............Password
]]></system-out>
  </testcase>
  <testcase name="" classname="| Email1 | Password1 |" time="0.006">
    <error message="no such element: Unable to locate element: {&quot;method&quot;:&quot;xpath&quot;,&quot;selector&quot;:&quot;//input[@type=&apos;submit&apos;][@value=&apos;Loginnn&apos;]&quot;}&#10;  (Session info: chrome=80.0.3987.149)&#10;For documentation on this error, please visit: https://www.seleniumhq.org/exceptions/no_such_element.html&#10;Build info: version: &apos;3.141.59&apos;, revision: &apos;e82be7d358&apos;, time: &apos;2018-11-14T08:17:03&apos;&#10;System info: host: &apos;IN1-1020122MBP.local&apos;, ip: &apos;fe80:0:0:0:892:5cd2:b903:632d%en0&apos;, os.name: &apos;Mac OS X&apos;, os.arch: &apos;x86_64&apos;, os.version: &apos;10.14.6&apos;, java.version: &apos;1.8.0_221&apos;&#10;Driver info: org.openqa.selenium.chrome.ChromeDriver&#10;Capabilities {acceptInsecureCerts: false, browserName: chrome, browserVersion: 80.0.3987.149, chrome: {chromedriverVersion: 79.0.3945.36 (3582db32b3389..., userDataDir: /var/folders/fv/0q160ngj0kb...}, goog:chromeOptions: {debuggerAddress: localhost:62937}, javascriptEnabled: true, networkConnectionEnabled: false, pageLoadStrategy: normal, platform: MAC, platformName: MAC, proxy: Proxy(), setWindowRect: true, strictFileInteractability: false, timeouts: {implicit: 0, pageLoad: 300000, script: 30000}, unhandledPromptBehavior: dismiss and notify}&#10;Session ID: c10ed30a9dffe9864af9efcb0351234a&#10;*** Element info: {Using=xpath, value=//input[@type=&apos;submit&apos;][@value=&apos;Loginnn&apos;]}" type="org.openqa.selenium.NoSuchElementException"><![CDATA[org.openqa.selenium.NoSuchElementException: 
no such element: Unable to locate element: {"method":"xpath","selector":"//input[@type='submit'][@value='Loginnn']"}
  (Session info: chrome=80.0.3987.149)
For documentation on this error, please visit: https://www.seleniumhq.org/exceptions/no_such_element.html
Build info: version: '3.141.59', revision: 'e82be7d358', time: '2018-11-14T08:17:03'
System info: host: 'IN1-1020122MBP.local', ip: 'fe80:0:0:0:892:5cd2:b903:632d%en0', os.name: 'Mac OS X', os.arch: 'x86_64', os.version: '10.14.6', java.version: '1.8.0_221'
Driver info: org.openqa.selenium.chrome.ChromeDriver
Capabilities {acceptInsecureCerts: false, browserName: chrome, browserVersion: 80.0.3987.149, chrome: {chromedriverVersion: 79.0.3945.36 (3582db32b3389..., userDataDir: /var/folders/fv/0q160ngj0kb...}, goog:chromeOptions: {debuggerAddress: localhost:62937}, javascriptEnabled: true, networkConnectionEnabled: false, pageLoadStrategy: normal, platform: MAC, platformName: MAC, proxy: Proxy(), setWindowRect: true, strictFileInteractability: false, timeouts: {implicit: 0, pageLoad: 300000, script: 30000}, unhandledPromptBehavior: dismiss and notify}
Session ID: c10ed30a9dffe9864af9efcb0351234a
*** Element info: {Using=xpath, value=//input[@type='submit'][@value='Loginnn']}
]]></error>
  </testcase>
  <testcase name="Given user is on homepage" classname="| Email2 | Password2 |" time="0"/>
  <testcase name="Then Login page should be displayed" classname="| Email2 | Password2 |" time="0"/>
  <testcase name="When enter valid &quot;Email2&quot; and &quot;Password2&quot; and click login" classname="| Email2 | Password2 |" time="0.001">
    <error message="no such element: Unable to locate element: {&quot;method&quot;:&quot;xpath&quot;,&quot;selector&quot;:&quot;//input[@type=&apos;submit&apos;][@value=&apos;Loginnn&apos;]&quot;}&#10;  (Session info: chrome=80.0.3987.149)&#10;For documentation on this error, please visit: https://www.seleniumhq.org/exceptions/no_such_element.html&#10;Build info: version: &apos;3.141.59&apos;, revision: &apos;e82be7d358&apos;, time: &apos;2018-11-14T08:17:03&apos;&#10;System info: host: &apos;IN1-1020122MBP.local&apos;, ip: &apos;fe80:0:0:0:892:5cd2:b903:632d%en0&apos;, os.name: &apos;Mac OS X&apos;, os.arch: &apos;x86_64&apos;, os.version: &apos;10.14.6&apos;, java.version: &apos;1.8.0_221&apos;&#10;Driver info: org.openqa.selenium.chrome.ChromeDriver&#10;Capabilities {acceptInsecureCerts: false, browserName: chrome, browserVersion: 80.0.3987.149, chrome: {chromedriverVersion: 79.0.3945.36 (3582db32b3389..., userDataDir: /var/folders/fv/0q160ngj0kb...}, goog:chromeOptions: {debuggerAddress: localhost:62970}, javascriptEnabled: true, networkConnectionEnabled: false, pageLoadStrategy: normal, platform: MAC, platformName: MAC, proxy: Proxy(), setWindowRect: true, strictFileInteractability: false, timeouts: {implicit: 0, pageLoad: 300000, script: 30000}, unhandledPromptBehavior: dismiss and notify}&#10;Session ID: 86aa3a0393fc0aea441fa75c4f9b9b43&#10;*** Element info: {Using=xpath, value=//input[@type=&apos;submit&apos;][@value=&apos;Loginnn&apos;]}" type="org.openqa.selenium.NoSuchElementException"><![CDATA[org.openqa.selenium.NoSuchElementException: 
no such element: Unable to locate element: {"method":"xpath","selector":"//input[@type='submit'][@value='Loginnn']"}
  (Session info: chrome=80.0.3987.149)
For documentation on this error, please visit: https://www.seleniumhq.org/exceptions/no_such_element.html
Build info: version: '3.141.59', revision: 'e82be7d358', time: '2018-11-14T08:17:03'
System info: host: 'IN1-1020122MBP.local', ip: 'fe80:0:0:0:892:5cd2:b903:632d%en0', os.name: 'Mac OS X', os.arch: 'x86_64', os.version: '10.14.6', java.version: '1.8.0_221'
Driver info: org.openqa.selenium.chrome.ChromeDriver
Capabilities {acceptInsecureCerts: false, browserName: chrome, browserVersion: 80.0.3987.149, chrome: {chromedriverVersion: 79.0.3945.36 (3582db32b3389..., userDataDir: /var/folders/fv/0q160ngj0kb...}, goog:chromeOptions: {debuggerAddress: localhost:62970}, javascriptEnabled: true, networkConnectionEnabled: false, pageLoadStrategy: normal, platform: MAC, platformName: MAC, proxy: Proxy(), setWindowRect: true, strictFileInteractability: false, timeouts: {implicit: 0, pageLoad: 300000, script: 30000}, unhandledPromptBehavior: dismiss and notify}
Session ID: 86aa3a0393fc0aea441fa75c4f9b9b43
*** Element info: {Using=xpath, value=//input[@type='submit'][@value='Loginnn']}
]]></error>
    <system-out><![CDATA[basha.12327-03-2020_193834@gmail.com
RowCount:--------2
DataRow:--------2
TestData:.............Password
]]></system-out>
  </testcase>
  <testcase name="" classname="| Email2 | Password2 |" time="0.001">
    <error message="no such element: Unable to locate element: {&quot;method&quot;:&quot;xpath&quot;,&quot;selector&quot;:&quot;//input[@type=&apos;submit&apos;][@value=&apos;Loginnn&apos;]&quot;}&#10;  (Session info: chrome=80.0.3987.149)&#10;For documentation on this error, please visit: https://www.seleniumhq.org/exceptions/no_such_element.html&#10;Build info: version: &apos;3.141.59&apos;, revision: &apos;e82be7d358&apos;, time: &apos;2018-11-14T08:17:03&apos;&#10;System info: host: &apos;IN1-1020122MBP.local&apos;, ip: &apos;fe80:0:0:0:892:5cd2:b903:632d%en0&apos;, os.name: &apos;Mac OS X&apos;, os.arch: &apos;x86_64&apos;, os.version: &apos;10.14.6&apos;, java.version: &apos;1.8.0_221&apos;&#10;Driver info: org.openqa.selenium.chrome.ChromeDriver&#10;Capabilities {acceptInsecureCerts: false, browserName: chrome, browserVersion: 80.0.3987.149, chrome: {chromedriverVersion: 79.0.3945.36 (3582db32b3389..., userDataDir: /var/folders/fv/0q160ngj0kb...}, goog:chromeOptions: {debuggerAddress: localhost:62970}, javascriptEnabled: true, networkConnectionEnabled: false, pageLoadStrategy: normal, platform: MAC, platformName: MAC, proxy: Proxy(), setWindowRect: true, strictFileInteractability: false, timeouts: {implicit: 0, pageLoad: 300000, script: 30000}, unhandledPromptBehavior: dismiss and notify}&#10;Session ID: 86aa3a0393fc0aea441fa75c4f9b9b43&#10;*** Element info: {Using=xpath, value=//input[@type=&apos;submit&apos;][@value=&apos;Loginnn&apos;]}" type="org.openqa.selenium.NoSuchElementException"><![CDATA[org.openqa.selenium.NoSuchElementException: 
no such element: Unable to locate element: {"method":"xpath","selector":"//input[@type='submit'][@value='Loginnn']"}
  (Session info: chrome=80.0.3987.149)
For documentation on this error, please visit: https://www.seleniumhq.org/exceptions/no_such_element.html
Build info: version: '3.141.59', revision: 'e82be7d358', time: '2018-11-14T08:17:03'
System info: host: 'IN1-1020122MBP.local', ip: 'fe80:0:0:0:892:5cd2:b903:632d%en0', os.name: 'Mac OS X', os.arch: 'x86_64', os.version: '10.14.6', java.version: '1.8.0_221'
Driver info: org.openqa.selenium.chrome.ChromeDriver
Capabilities {acceptInsecureCerts: false, browserName: chrome, browserVersion: 80.0.3987.149, chrome: {chromedriverVersion: 79.0.3945.36 (3582db32b3389..., userDataDir: /var/folders/fv/0q160ngj0kb...}, goog:chromeOptions: {debuggerAddress: localhost:62970}, javascriptEnabled: true, networkConnectionEnabled: false, pageLoadStrategy: normal, platform: MAC, platformName: MAC, proxy: Proxy(), setWindowRect: true, strictFileInteractability: false, timeouts: {implicit: 0, pageLoad: 300000, script: 30000}, unhandledPromptBehavior: dismiss and notify}
Session ID: 86aa3a0393fc0aea441fa75c4f9b9b43
*** Element info: {Using=xpath, value=//input[@type='submit'][@value='Loginnn']}
]]></error>
  </testcase>
</testsuite>